# JRE version: Java(TM) SE Runtime Environment (8.0_65-b17) (build 1.8.0_65-b17)
# Java VM: Java HotSpot(TM) 64-Bit Server VM (25.65-b01 mixed mode windows-amd64 compressed oops)
Heap:
 PSYoungGen      total 224768K, used 52641K [0x00000000eab00000, 0x00000000ff980000, 0x0000000100000000)
  eden space 205312K, 16% used [0x00000000eab00000,0x00000000ecb7bb10,0x00000000f7380000)
  from space 19456K, 99% used [0x00000000f7380000,0x00000000f866c970,0x00000000f8680000)
  to   space 68608K, 0% used [0x00000000fb680000,0x00000000fb680000,0x00000000ff980000)
 ParOldGen       total 631296K, used 100505K [0x00000000c0000000, 0x00000000e6880000, 0x00000000eab00000)
  object space 631296K, 15% used [0x00000000c0000000,0x00000000c62265f8,0x00000000e6880000)
 Metaspace       used 122257K, capacity 138932K, committed 139136K, reserved 1171456K
  class space    used 16819K, capacity 17788K, committed 17792K, reserved 1048576K
GC Heap History (10 events):
Event: 50.195 GC heap before
{Heap before GC invocations=22 (full 5):
 PSYoungGen      total 280064K, used 215040K [0x00000000eab00000, 0x0000000100000000, 0x0000000100000000)
  eden space 215040K, 100% used [0x00000000eab00000,0x00000000f7d00000,0x00000000f7d00000)
  from space 65024K, 0% used [0x00000000fc080000,0x00000000fc080000,0x0000000100000000)
  to   space 67072K, 0% used [0x00000000f7d00000,0x00000000f7d00000,0x00000000fbe80000)
 ParOldGen       total 631296K, used 52557K [0x00000000c0000000, 0x00000000e6880000, 0x00000000eab00000)
  object space 631296K, 8% used [0x00000000c0000000,0x00000000c3353660,0x00000000e6880000)
 Metaspace       used 84927K, capacity 94872K, committed 95104K, reserved 1132544K
  class space    used 11042K, capacity 11622K, committed 11648K, reserved 1048576K
Event: 50.230 GC heap after
Heap after GC invocations=22 (full 5):
 PSYoungGen      total 256000K, used 40478K [0x00000000eab00000, 0x0000000100000000, 0x0000000100000000)
  eden space 215040K, 0% used [0x00000000eab00000,0x00000000eab00000,0x00000000f7d00000)
  from space 40960K, 98% used [0x00000000f7d00000,0x00000000fa487970,0x00000000fa500000)
  to   space 67584K, 0% used [0x00000000fbe00000,0x00000000fbe00000,0x0000000100000000)
 ParOldGen       total 631296K, used 52565K [0x00000000c0000000, 0x00000000e6880000, 0x00000000eab00000)
  object space 631296K, 8% used [0x00000000c0000000,0x00000000c3355660,0x00000000e6880000)
 Metaspace       used 84927K, capacity 94872K, committed 95104K, reserved 1132544K
  class space    used 11042K, capacity 11622K, committed 11648K, reserved 1048576K
}
Event: 54.013 GC heap before
{Heap before GC invocations=23 (full 5):
 PSYoungGen      total 256000K, used 255518K [0x00000000eab00000, 0x0000000100000000, 0x0000000100000000)
  eden space 215040K, 100% used [0x00000000eab00000,0x00000000f7d00000,0x00000000f7d00000)
  from space 40960K, 98% used [0x00000000f7d00000,0x00000000fa487970,0x00000000fa500000)
  to   space 67584K, 0% used [0x00000000fbe00000,0x00000000fbe00000,0x0000000100000000)
 ParOldGen       total 631296K, used 52565K [0x00000000c0000000, 0x00000000e6880000, 0x00000000eab00000)
  object space 631296K, 8% used [0x00000000c0000000,0x00000000c3355660,0x00000000e6880000)
 Metaspace       used 91945K, capacity 104638K, committed 104960K, reserved 1140736K
  class space    used 12234K, capacity 12968K, committed 13056K, reserved 1048576K
Event: 54.061 GC heap after
Heap after GC invocations=23 (full 5):
 PSYoungGen      total 276480K, used 45191K [0x00000000eab00000, 0x0000000100000000, 0x0000000100000000)
  eden space 208896K, 0% used [0x00000000eab00000,0x00000000eab00000,0x00000000f7700000)
  from space 67584K, 66% used [0x00000000fbe00000,0x00000000fea21c00,0x0000000100000000)
  to   space 70144K, 0% used [0x00000000f7700000,0x00000000f7700000,0x00000000fbb80000)
 ParOldGen       total 631296K, used 52573K [0x00000000c0000000, 0x00000000e6880000, 0x00000000eab00000)
  object space 631296K, 8% used [0x00000000c0000000,0x00000000c3357660,0x00000000e6880000)
 Metaspace       used 91945K, capacity 104638K, committed 104960K, reserved 1140736K
  class space    used 12234K, capacity 12968K, committed 13056K, reserved 1048576K
}
Event: 57.525 GC heap before
{Heap before GC invocations=24 (full 5):
 PSYoungGen      total 276480K, used 254087K [0x00000000eab00000, 0x0000000100000000, 0x0000000100000000)
  eden space 208896K, 100% used [0x00000000eab00000,0x00000000f7700000,0x00000000f7700000)
  from space 67584K, 66% used [0x00000000fbe00000,0x00000000fea21c00,0x0000000100000000)
  to   space 70144K, 0% used [0x00000000f7700000,0x00000000f7700000,0x00000000fbb80000)
 ParOldGen       total 631296K, used 52573K [0x00000000c0000000, 0x00000000e6880000, 0x00000000eab00000)
  object space 631296K, 8% used [0x00000000c0000000,0x00000000c3357660,0x00000000e6880000)
 Metaspace       used 97202K, capacity 110098K, committed 110208K, reserved 1144832K
  class space    used 13125K, capacity 13882K, committed 13952K, reserved 1048576K
Event: 57.590 GC heap after
Heap after GC invocations=24 (full 5):
 PSYoungGen      total 261120K, used 51884K [0x00000000eab00000, 0x0000000100000000, 0x0000000100000000)
  eden space 208896K, 0% used [0x00000000eab00000,0x00000000eab00000,0x00000000f7700000)
  from space 52224K, 99% used [0x00000000f7700000,0x00000000fa9ab258,0x00000000faa00000)
  to   space 73728K, 0% used [0x00000000fb800000,0x00000000fb800000,0x0000000100000000)
 ParOldGen       total 631296K, used 52581K [0x00000000c0000000, 0x00000000e6880000, 0x00000000eab00000)
  object space 631296K, 8% used [0x00000000c0000000,0x00000000c3359660,0x00000000e6880000)
 Metaspace       used 97202K, capacity 110098K, committed 110208K, reserved 1144832K
  class space    used 13125K, capacity 13882K, committed 13952K, reserved 1048576K
}
Event: 65.782 GC heap before
{Heap before GC invocations=25 (full 5):
 PSYoungGen      total 261120K, used 260185K [0x00000000eab00000, 0x0000000100000000, 0x0000000100000000)
  eden space 208896K, 99% used [0x00000000eab00000,0x00000000f766b1d0,0x00000000f7700000)
  from space 52224K, 99% used [0x00000000f7700000,0x00000000fa9ab258,0x00000000faa00000)
  to   space 73728K, 0% used [0x00000000fb800000,0x00000000fb800000,0x0000000100000000)
 ParOldGen       total 631296K, used 52581K [0x00000000c0000000, 0x00000000e6880000, 0x00000000eab00000)
  object space 631296K, 8% used [0x00000000c0000000,0x00000000c3359660,0x00000000e6880000)
 Metaspace       used 117107K, capacity 131700K, committed 131712K, reserved 1165312K
  class space    used 15884K, capacity 16761K, committed 16768K, reserved 1048576K
Event: 65.855 GC heap after
Heap after GC invocations=25 (full 5):
 PSYoungGen      total 279040K, used 30564K [0x00000000eab00000, 0x0000000100000000, 0x0000000100000000)
  eden space 205312K, 0% used [0x00000000eab00000,0x00000000eab00000,0x00000000f7380000)
  from space 73728K, 41% used [0x00000000fb800000,0x00000000fd5d91e8,0x0000000100000000)
  to   space 70144K, 0% used [0x00000000f7380000,0x00000000f7380000,0x00000000fb800000)
 ParOldGen       total 631296K, used 91965K [0x00000000c0000000, 0x00000000e6880000, 0x00000000eab00000)
  object space 631296K, 14% used [0x00000000c0000000,0x00000000c59cf798,0x00000000e6880000)
 Metaspace       used 117107K, capacity 131700K, committed 131712K, reserved 1165312K
  class space    used 15884K, capacity 16761K, committed 16768K, reserved 1048576K
}
Event: 67.562 GC heap before
{Heap before GC invocations=26 (full 5):
 PSYoungGen      total 279040K, used 235876K [0x00000000eab00000, 0x0000000100000000, 0x0000000100000000)
  eden space 205312K, 100% used [0x00000000eab00000,0x00000000f7380000,0x00000000f7380000)
  from space 73728K, 41% used [0x00000000fb800000,0x00000000fd5d91e8,0x0000000100000000)
  to   space 70144K, 0% used [0x00000000f7380000,0x00000000f7380000,0x00000000fb800000)
 ParOldGen       total 631296K, used 91965K [0x00000000c0000000, 0x00000000e6880000, 0x00000000eab00000)
  object space 631296K, 14% used [0x00000000c0000000,0x00000000c59cf798,0x00000000e6880000)
 Metaspace       used 121154K, capacity 137450K, committed 137728K, reserved 1169408K
  class space    used 16651K, capacity 17600K, committed 17664K, reserved 1048576K
Event: 67.588 GC heap after
Heap after GC invocations=26 (full 5):
 PSYoungGen      total 224768K, used 19378K [0x00000000eab00000, 0x00000000ff980000, 0x0000000100000000)
  eden space 205312K, 0% used [0x00000000eab00000,0x00000000eab00000,0x00000000f7380000)
  from space 19456K, 99% used [0x00000000f7380000,0x00000000f866c970,0x00000000f8680000)
  to   space 68608K, 0% used [0x00000000fb680000,0x00000000fb680000,0x00000000ff980000)
 ParOldGen       total 631296K, used 100505K [0x00000000c0000000, 0x00000000e6880000, 0x00000000eab00000)
  object space 631296K, 15% used [0x00000000c0000000,0x00000000c62265f8,0x00000000e6880000)
 Metaspace       used 121154K, capacity 137450K, committed 137728K, reserved 1169408K
  class space    used 16651K, capacity 17600K, committed 17664K, reserved 1048576K
}

